Sat May 17 21:11:34 PDT 2025 - Starting Git Watchdog (fswatch)
Sat May 17 21:13:51 PDT 2025 - Starting Git Watchdog (fswatch)
Sat May 17 21:13:52 PDT 2025 - Change detected: /Users/patrickengels/Desktop/Sensor_Cluster/Cluster/git_watchdog.log
[main ac1c80c] Auto-push: 2025-05-17 21:13:52
 3 files changed, 24 insertions(+)
 create mode 100644 .DS_Store
 create mode 100755 Cluster_Watchdog.sh
 create mode 100644 git_watchdog.log
remote: Support for password authentication was removed on August 13, 2021.
remote: Please see https://docs.github.com/get-started/getting-started-with-git/about-remote-repositories#cloning-with-https-urls for information on currently recommended modes of authentication.
fatal: Authentication failed for 'https://github.com/pengels22/SensorCluster.git/'
Sat May 17 21:14:01 PDT 2025 - Change detected: /Users/patrickengels/Desktop/Sensor_Cluster/Cluster/.git/objects/50/08ddfcf53c02e82d7eee2e57c38e5672ef89f6
[main 64d70ba] Auto-push: 2025-05-17 21:14:01
 1 file changed, 9 insertions(+)
remote: Support for password authentication was removed on August 13, 2021.
remote: Please see https://docs.github.com/get-started/getting-started-with-git/about-remote-repositories#cloning-with-https-urls for information on currently recommended modes of authentication.
fatal: Authentication failed for 'https://github.com/pengels22/SensorCluster.git/'
Sat May 17 21:14:09 PDT 2025 - Change detected: /Users/patrickengels/Desktop/Sensor_Cluster/Cluster/.git/objects/50
[main c9deb05] Auto-push: 2025-05-17 21:14:09
 1 file changed, 6 insertions(+)
remote: Support for password authentication was removed on August 13, 2021.
remote: Please see https://docs.github.com/get-started/getting-started-with-git/about-remote-repositories#cloning-with-https-urls for information on currently recommended modes of authentication.
fatal: Authentication failed for 'https://github.com/pengels22/SensorCluster.git/'
Sat May 17 21:14:43 PDT 2025 - Change detected: /Users/patrickengels/Desktop/Sensor_Cluster/Cluster/.git/objects/50/tmp_obj_zykDQK
[main 1608155] Auto-push: 2025-05-17 21:14:43
 1 file changed, 6 insertions(+)
remote: Support for password authentication was removed on August 13, 2021.
remote: Please see https://docs.github.com/get-started/getting-started-with-git/about-remote-repositories#cloning-with-https-urls for information on currently recommended modes of authentication.
fatal: Authentication failed for 'https://github.com/pengels22/SensorCluster.git/'
Sat May 17 21:14:53 PDT 2025 - Change detected: /Users/patrickengels/Desktop/Sensor_Cluster/Cluster/.git/objects/ef/5607870953b851930218055b2bd399dd70c283
